<?xml version="1.0" encoding="UTF-8"?>
<!-- Generated by org.testng.reporters.JUnitReportReporter -->
<testsuite hostname="DESKTOP-E43IBMN" failures="0" tests="1" name="com.barcode.scanner.ss1.ReadQRCodeTest" time="62.774" errors="0" timestamp="2021-12-28T11:49:32 IST" skipped="0">
  <testcase classname="com.barcode.scanner.ss1.ReadQRCodeTest" name="setup" time="62.774"/>
  <system-out/>
</testsuite> <!-- com.barcode.scanner.ss1.ReadQRCodeTest -->
