<?xml version="1.0" encoding="UTF-8"?>
<!-- Generated by org.testng.reporters.JUnitReportReporter -->
<testsuite hostname="DESKTOP-E43IBMN" failures="0" tests="1" name="com.barcode.scanner.ss1.Barcode_test" time="24.221" errors="0" timestamp="2021-12-21T17:10:54 IST" skipped="0">
  <testcase classname="com.barcode.scanner.ss1.Barcode_test" name="barcode_scanner" time="24.221"/>
  <system-out/>
</testsuite> <!-- com.barcode.scanner.ss1.Barcode_test -->
