<?xml version="1.0" encoding="UTF-8"?>
<!-- Generated by org.testng.reporters.JUnitReportReporter -->
<testsuite hostname="DESKTOP-E43IBMN" failures="0" tests="1" name="com.barcode.scanner.ss1.Barcode_test" time="0.000" errors="0" timestamp="2021-12-23T17:18:35 IST" skipped="1">
  <testcase classname="com.barcode.scanner.ss1.Barcode_test" name="barcode_scanner" time="0.000">
    <skipped/>
  </testcase> <!-- barcode_scanner -->
  <system-out/>
</testsuite> <!-- com.barcode.scanner.ss1.Barcode_test -->
